<?xml version="1.0" encoding="UTF-8"?>
<!-- Generated by org.testng.reporters.JUnitReportReporter -->
<testsuite hostname="DESKTOP-BLOV8IT" name="cricket.CricketTest" tests="1" failures="0" timestamp="22 Sep 2018 21:03:36 GMT" time="0.062" errors="0">
  <testcase name="testScore" time="0.062" classname="cricket.CricketTest"/>
</testsuite> <!-- cricket.CricketTest -->
